Unity Editor version:    2020.3.25f1 (9b9180224418)
Branch:                  2020.3/staging
Build type:              Release
Batch mode:              YES
macOS version:           Version 10.15.7 (Build 19H1615)
Darwin version:          19.6.0
Architecture:            x86_64
Running under Rosetta:   NO
Available memory:        24576 MB
Using pre-set license
Pro License: NO

COMMAND LINE ARGUMENTS:
/Applications/Unity/Hub/Editor/2020.3.25f1/Unity.app/Contents/MacOS/Unity
-adb2
-batchMode
-noUpm
-name
AssetImportWorker0
-projectPath
/Users/Chuck/projects/Unity/Tower Defense
-logFile
Logs/AssetImportWorker0.log
-srvPort
49255
Successfully changed project path to: /Users/Chuck/projects/Unity/Tower Defense
/Users/Chuck/projects/Unity/Tower Defense
Using Asset Import Pipeline V2.
Refreshing native plugins compatible for Editor in 45.72 ms, found 2 plugins.
Preloading 0 native plugins for Editor in 0.00 ms.
Initialize engine version: 2020.3.25f1 (9b9180224418)
[Subsystems] Discovering subsystems at path /Applications/Unity/Hub/Editor/2020.3.25f1/Unity.app/Contents/Resources/UnitySubsystems
[Subsystems] Discovering subsystems at path /Users/Chuck/projects/Unity/Tower Defense/Assets
GfxDevice: creating device client; threaded=0
2021-12-19 19:53:39.041 Unity[24830:274291] iMac preferred device: NVIDIA GeForce GT 755M (high power)
2021-12-19 19:53:39.041 Unity[24830:274291] Metal devices available: 1
2021-12-19 19:53:39.041 Unity[24830:274291] 0: NVIDIA GeForce GT 755M (high power)
2021-12-19 19:53:39.042 Unity[24830:274291] Using device NVIDIA GeForce GT 755M (high power)
Initializing Metal device caps: NVIDIA GeForce GT 755M
Initialize mono
Mono path[0] = '/Applications/Unity/Hub/Editor/2020.3.25f1/Unity.app/Contents/Managed'
Mono path[1] = '/Applications/Unity/Hub/Editor/2020.3.25f1/Unity.app/Contents/MonoBleedingEdge/lib/mono/unityjit'
Mono config path = '/Applications/Unity/Hub/Editor/2020.3.25f1/Unity.app/Contents/MonoBleedingEdge/etc'
Using monoOptions --debugger-agent=transport=dt_socket,embedding=1,server=y,suspend=n,address=127.0.0.1:56830
Begin MonoManager ReloadAssembly
Registering precompiled unity dll's ...
Register platform support module: /Applications/Unity/Hub/Editor/2020.3.25f1/PlaybackEngines/WebGLSupport/UnityEditor.WebGL.Extensions.dll
Register platform support module: /Applications/Unity/Hub/Editor/2020.3.25f1/Unity.app/Contents/PlaybackEngines/MacStandaloneSupport/UnityEditor.OSXStandalone.Extensions.dll
Registered in 0.000721 seconds.
Native extension for OSXStandalone target not found
Native extension for WebGL target not found
Refreshing native plugins compatible for Editor in 42.67 ms, found 2 plugins.
Preloading 0 native plugins for Editor in 0.00 ms.
Mono: successfully reloaded assembly
- Completed reload, in  0.801 seconds
Domain Reload Profiling:
	ReloadAssembly (801ms)
		BeginReloadAssembly (53ms)
			ExecutionOrderSort (0ms)
			DisableScriptedObjects (0ms)
			BackupInstance (0ms)
			ReleaseScriptingObjects (0ms)
			CreateAndSetChildDomain (1ms)
		EndReloadAssembly (646ms)
			LoadAssemblies (51ms)
			RebuildTransferFunctionScriptingTraits (0ms)
			SetupTypeCache (253ms)
			ReleaseScriptCaches (0ms)
			RebuildScriptCaches (49ms)
			SetupLoadedEditorAssemblies (232ms)
				LogAssemblyErrors (0ms)
				InitializePlatformSupportModulesInManaged (7ms)
				SetLoadedEditorAssemblies (0ms)
				RefreshPlugins (43ms)
				BeforeProcessingInitializeOnLoad (10ms)
				ProcessInitializeOnLoadAttributes (133ms)
				ProcessInitializeOnLoadMethodAttributes (38ms)
				AfterProcessingInitializeOnLoad (0ms)
				EditorAssembliesLoaded (0ms)
			ExecutionOrderSort2 (0ms)
			AwakeInstancesAfterBackupRestoration (0ms)
Platform modules already initialized, skipping
Registering precompiled user dll's ...
Registered in 0.014691 seconds.
Begin MonoManager ReloadAssembly
Native extension for OSXStandalone target not found
Native extension for WebGL target not found
Refreshing native plugins compatible for Editor in 0.53 ms, found 2 plugins.
Preloading 0 native plugins for Editor in 0.00 ms.
Mono: successfully reloaded assembly
- Completed reload, in  1.400 seconds
Domain Reload Profiling:
	ReloadAssembly (1401ms)
		BeginReloadAssembly (203ms)
			ExecutionOrderSort (0ms)
			DisableScriptedObjects (7ms)
			BackupInstance (0ms)
			ReleaseScriptingObjects (0ms)
			CreateAndSetChildDomain (43ms)
		EndReloadAssembly (1112ms)
			LoadAssemblies (105ms)
			RebuildTransferFunctionScriptingTraits (0ms)
			SetupTypeCache (431ms)
			ReleaseScriptCaches (1ms)
			RebuildScriptCaches (63ms)
			SetupLoadedEditorAssemblies (363ms)
				LogAssemblyErrors (0ms)
				InitializePlatformSupportModulesInManaged (7ms)
				SetLoadedEditorAssemblies (1ms)
				RefreshPlugins (1ms)
				BeforeProcessingInitializeOnLoad (59ms)
				ProcessInitializeOnLoadAttributes (284ms)
				ProcessInitializeOnLoadMethodAttributes (11ms)
				AfterProcessingInitializeOnLoad (1ms)
				EditorAssembliesLoaded (0ms)
			ExecutionOrderSort2 (0ms)
			AwakeInstancesAfterBackupRestoration (9ms)
Platform modules already initialized, skipping
Validating Project structure ... 0.018486 seconds.
Shader import version has changed; will reimport all shaders...
Upgrading shader files ...0.027265 seconds.
Application.AssetDatabase Initial Script Refresh Start
RefreshInfo: InitialScriptRefreshV2(NoUpdateAssetOptions) scanfilter:  ... 1 filters
RefreshProfiler: Total: 0.000ms
Application.AssetDatabase Initial Script Refresh End
Application.AssetDatabase.Refresh Start
Application.AssetDatabase.Refresh End
RefreshInfo: StopAssetImportingV2(ForceSynchronousImport) scanfilter: 
RefreshProfiler: Total: 0.000ms
Launching external process: /Applications/Unity/Hub/Editor/2020.3.25f1/Unity.app/Contents/Tools/UnityShaderCompiler
Launched and connected shader compiler UnityShaderCompiler after 0.02 seconds
Initializing Unity extensions:
========================================================================
Worker process is ready to serve import requests
Refreshing native plugins compatible for Editor in 0.44 ms, found 2 plugins.
Preloading 0 native plugins for Editor in 0.00 ms.
Unloading 1501 Unused Serialized files (Serialized files now loaded: 0)
System memory in use before: 159.0 MB.
System memory in use after: 158.1 MB.

Unloading 80 unused Assets to reduce memory usage. Loaded Objects now: 1972.
Total: 3.501356 ms (FindLiveObjects: 0.164392 ms CreateObjectMapping: 0.054428 ms MarkObjects: 2.723956 ms  DeleteObjects: 0.557496 ms)

AssetImportParameters requested are different than current active one (requested -> active):
  custom:video-decoder-ogg-theora: a1e56fd34408186e4bbccfd4996cb3dc -> 
  custom:container-muxer-webm: aa71ff27fc2769a1b78a27578f13a17b -> 
  custom:container-demuxer-webm: 4f35f7cbe854078d1ac9338744f61a02 -> 
  custom:container-demuxer-ogg: 62fdf1f143b41e24485cea50d1cbac27 -> 
  custom:video-encoder-webm-vp8: eb34c28f22e8b96e1ab97ce403110664 -> 
  custom:framework-osx-AVFoundation: b23960f63f64bdc6ff669e2cdcee2391 -> 
  custom:video-decoder-webm-vp8: 9c59270c3fd7afecdb556c50c9e8de78 -> 
  custom:audio-decoder-ogg-vorbis: bf7c407c2cedff20999df2af8eb42d56 -> 
  custom:audio-encoder-webm-vorbis: bf7c407c2cedff20999df2af8eb42d56 -> 
========================================================================
Received Import Request.
  path: Assets/CasualFantasy/_Demo/Main Camera Profile.asset
  artifactKey: Guid(2bac18be35e16db47a83af0a6392baf3) Importer(815301076,1909f56bfc062723c751e8b465ee728b)
Start importing Assets/CasualFantasy/_Demo/Main Camera Profile.asset using Guid(2bac18be35e16db47a83af0a6392baf3) Importer(815301076,1909f56bfc062723c751e8b465ee728b)  -> (artifact id: '07b9d230aab506add6160f6968b57f54') in 0.437026 seconds 
  Import took 0.444099 seconds .

========================================================================
Received Import Request.
  Time since last request: 0.000351 seconds.
  path: Assets/CasualFantasy/_Demo
  artifactKey: Guid(3596e09476d66a94a9dee59dcd89f5db) Importer(815301076,1909f56bfc062723c751e8b465ee728b)
Start importing Assets/CasualFantasy/_Demo using Guid(3596e09476d66a94a9dee59dcd89f5db) Importer(815301076,1909f56bfc062723c751e8b465ee728b)  -> (artifact id: '78422bf78e27306e2d6265762584dc86') in 0.000943 seconds 
  Import took 0.004175 seconds .

========================================================================
Received Import Request.
  Time since last request: 0.000253 seconds.
  path: Assets/CasualFantasy/_Demo/ReflectionProbe.exr
  artifactKey: Guid(ad7bbc66dfc72db40b56aab73c601cc1) Importer(815301076,1909f56bfc062723c751e8b465ee728b)
Start importing Assets/CasualFantasy/_Demo/ReflectionProbe.exr using Guid(ad7bbc66dfc72db40b56aab73c601cc1) Importer(815301076,1909f56bfc062723c751e8b465ee728b)  -> (artifact id: 'ce8478c75783894bdf8b3e86db52da81') in 0.584249 seconds 
  Import took 0.591755 seconds .

========================================================================
Received Import Request.
  Time since last request: 6.264396 seconds.
  path: Assets/CasualFantasy/Characters/Adventurer
  artifactKey: Guid(322df8613d3a2714691e2d7434c983cf) Importer(815301076,1909f56bfc062723c751e8b465ee728b)
Start importing Assets/CasualFantasy/Characters/Adventurer using Guid(322df8613d3a2714691e2d7434c983cf) Importer(815301076,1909f56bfc062723c751e8b465ee728b)  -> (artifact id: 'b671d17f845b929ae90b5f275f1d589c') in 0.011008 seconds 
  Import took 0.014349 seconds .

========================================================================
Received Import Request.
  Time since last request: 0.044354 seconds.
  path: Assets/CasualFantasy/Characters/Adventurer/Adventurer.prefab
  artifactKey: Guid(f5cfd2e19ec56634c8f1283b2f0aedbb) Importer(815301076,1909f56bfc062723c751e8b465ee728b)
Start importing Assets/CasualFantasy/Characters/Adventurer/Adventurer.prefab using Guid(f5cfd2e19ec56634c8f1283b2f0aedbb) Importer(815301076,1909f56bfc062723c751e8b465ee728b)  -> (artifact id: '55e96a1173a42c2b946cbd5786a831e5') in 0.767777 seconds 
  Import took 0.774221 seconds .

========================================================================
Received Import Request.
  Time since last request: 2.449253 seconds.
  path: Assets/CasualFantasy/Characters/Adventurer/Demo.unity
  artifactKey: Guid(79139d0c59fbf0d48a97e7b430b39dc3) Importer(815301076,1909f56bfc062723c751e8b465ee728b)
Start importing Assets/CasualFantasy/Characters/Adventurer/Demo.unity using Guid(79139d0c59fbf0d48a97e7b430b39dc3) Importer(815301076,1909f56bfc062723c751e8b465ee728b)  -> (artifact id: '2af215d278e51a4f75b01a77a70c5174') in 0.008918 seconds 
  Import took 0.012512 seconds .

========================================================================
Received Import Request.
  Time since last request: 83.681648 seconds.
  path: Assets/CasualFantasy/Characters/Adventurer/SourceFiles
  artifactKey: Guid(27b64c160dd738845b6a085fe6829ed2) Importer(815301076,1909f56bfc062723c751e8b465ee728b)
Start importing Assets/CasualFantasy/Characters/Adventurer/SourceFiles using Guid(27b64c160dd738845b6a085fe6829ed2) Importer(815301076,1909f56bfc062723c751e8b465ee728b)  -> (artifact id: '0c06da996e08608a13641b05a266a55e') in 0.011043 seconds 
  Import took 0.014330 seconds .

========================================================================
Received Import Request.
  Time since last request: 4.861090 seconds.
  path: Assets/CasualFantasy/Characters/Adventurer/SourceFiles/AC.controller
  artifactKey: Guid(2d732ee276ad9a845a087815217e9e02) Importer(815301076,1909f56bfc062723c751e8b465ee728b)
Start importing Assets/CasualFantasy/Characters/Adventurer/SourceFiles/AC.controller using Guid(2d732ee276ad9a845a087815217e9e02) Importer(815301076,1909f56bfc062723c751e8b465ee728b)  -> (artifact id: 'f1f802590722b47e9597e4831c053ec4') in 0.335807 seconds 
  Import took 0.342712 seconds .

========================================================================
Received Import Request.
  Time since last request: 11.595213 seconds.
  path: Packages/com.unity.ext.nunit/package.json
  artifactKey: Guid(8143d3a8390f2c64685e3bc272bd9e90) Importer(815301076,1909f56bfc062723c751e8b465ee728b)
Start importing Packages/com.unity.ext.nunit/package.json using Guid(8143d3a8390f2c64685e3bc272bd9e90) Importer(815301076,1909f56bfc062723c751e8b465ee728b)  -> (artifact id: '36f449bd9ed4a92e06d659da724da745') in 2.089445 seconds 
  Import took 2.097215 seconds .

========================================================================
Received Import Request.
  Time since last request: 5.930324 seconds.
  path: Assets/Scenes/SampleScene.unity
  artifactKey: Guid(9fc0d4010bbf28b4594072e72b8655ab) Importer(815301076,1909f56bfc062723c751e8b465ee728b)
Start importing Assets/Scenes/SampleScene.unity using Guid(9fc0d4010bbf28b4594072e72b8655ab) Importer(815301076,1909f56bfc062723c751e8b465ee728b)  -> (artifact id: '85059f4f9e1a832ed95adaa0d25c5c4c') in 0.011405 seconds 
  Import took 0.014850 seconds .

========================================================================
Received Prepare
Registering precompiled user dll's ...
Registered in 0.001802 seconds.
Begin MonoManager ReloadAssembly
Native extension for OSXStandalone target not found
Native extension for WebGL target not found
Refreshing native plugins compatible for Editor in 0.45 ms, found 2 plugins.
Preloading 0 native plugins for Editor in 0.00 ms.
Mono: successfully reloaded assembly
- Completed reload, in  1.293 seconds
Domain Reload Profiling:
	ReloadAssembly (1294ms)
		BeginReloadAssembly (142ms)
			ExecutionOrderSort (0ms)
			DisableScriptedObjects (5ms)
			BackupInstance (0ms)
			ReleaseScriptingObjects (0ms)
			CreateAndSetChildDomain (74ms)
		EndReloadAssembly (1071ms)
			LoadAssemblies (83ms)
			RebuildTransferFunctionScriptingTraits (0ms)
			SetupTypeCache (415ms)
			ReleaseScriptCaches (1ms)
			RebuildScriptCaches (55ms)
			SetupLoadedEditorAssemblies (369ms)
				LogAssemblyErrors (0ms)
				InitializePlatformSupportModulesInManaged (6ms)
				SetLoadedEditorAssemblies (1ms)
				RefreshPlugins (0ms)
				BeforeProcessingInitializeOnLoad (106ms)
				ProcessInitializeOnLoadAttributes (245ms)
				ProcessInitializeOnLoadMethodAttributes (9ms)
				AfterProcessingInitializeOnLoad (2ms)
				EditorAssembliesLoaded (0ms)
			ExecutionOrderSort2 (0ms)
			AwakeInstancesAfterBackupRestoration (9ms)
Platform modules already initialized, skipping
Refreshing native plugins compatible for Editor in 0.45 ms, found 2 plugins.
Preloading 0 native plugins for Editor in 0.00 ms.
Unloading 1494 Unused Serialized files (Serialized files now loaded: 0)
System memory in use before: 192.2 MB.
System memory in use after: 192.4 MB.

Unloading 15 unused Assets to reduce memory usage. Loaded Objects now: 2007.
Total: 3.397626 ms (FindLiveObjects: 0.132418 ms CreateObjectMapping: 0.050023 ms MarkObjects: 3.199056 ms  DeleteObjects: 0.015349 ms)

AssetImportParameters requested are different than current active one (requested -> active):
  custom:video-decoder-ogg-theora: a1e56fd34408186e4bbccfd4996cb3dc -> 
  custom:container-muxer-webm: aa71ff27fc2769a1b78a27578f13a17b -> 
  custom:container-demuxer-webm: 4f35f7cbe854078d1ac9338744f61a02 -> 
  custom:container-demuxer-ogg: 62fdf1f143b41e24485cea50d1cbac27 -> 
  custom:video-encoder-webm-vp8: eb34c28f22e8b96e1ab97ce403110664 -> 
  custom:framework-osx-AVFoundation: b23960f63f64bdc6ff669e2cdcee2391 -> 
  custom:video-decoder-webm-vp8: 9c59270c3fd7afecdb556c50c9e8de78 -> 
  custom:audio-decoder-ogg-vorbis: bf7c407c2cedff20999df2af8eb42d56 -> 
  custom:audio-encoder-webm-vorbis: bf7c407c2cedff20999df2af8eb42d56 -> 
========================================================================
Received Import Request.
  Time since last request: 87.321740 seconds.
  path: Assets/SimpleNaturePack/SimpleNaturePack_HDRP_2018.4.unitypackage
  artifactKey: Guid(5b9bfd9e428a3e443a66c361f3675f26) Importer(815301076,1909f56bfc062723c751e8b465ee728b)
Start importing Assets/SimpleNaturePack/SimpleNaturePack_HDRP_2018.4.unitypackage using Guid(5b9bfd9e428a3e443a66c361f3675f26) Importer(815301076,1909f56bfc062723c751e8b465ee728b)  -> (artifact id: '5ca6bc066149e1df6068e961e601f735') in 0.016819 seconds 
  Import took 0.020119 seconds .

========================================================================
Received Import Request.
  Time since last request: 14.639479 seconds.
  path: Assets/SimpleNaturePack/Scenes/SimpleNaturePack_Demo.unity
  artifactKey: Guid(5e7af4bd95ac53a4cb784a9eedf8f6f9) Importer(815301076,1909f56bfc062723c751e8b465ee728b)
Start importing Assets/SimpleNaturePack/Scenes/SimpleNaturePack_Demo.unity using Guid(5e7af4bd95ac53a4cb784a9eedf8f6f9) Importer(815301076,1909f56bfc062723c751e8b465ee728b)  -> (artifact id: '9a316dee479433b04f8776853b1f2d11') in 0.011730 seconds 
  Import took 0.014806 seconds .

========================================================================
Received Import Request.
  Time since last request: 6.141088 seconds.
  path: Assets/SimpleNaturePack/Scenes/PostProcessing
  artifactKey: Guid(0bcd04f45442cb246bbd9280c0ac6cd2) Importer(815301076,1909f56bfc062723c751e8b465ee728b)
Start importing Assets/SimpleNaturePack/Scenes/PostProcessing using Guid(0bcd04f45442cb246bbd9280c0ac6cd2) Importer(815301076,1909f56bfc062723c751e8b465ee728b)  -> (artifact id: 'de66a541dbd73291d87d232fd41a6a83') in 0.001385 seconds 
  Import took 0.004520 seconds .

========================================================================
Received Import Request.
  Time since last request: 0.100581 seconds.
  path: Assets/SimpleNaturePack/Scenes/PostProcessing/PostProcessing Profile_SimpleNaturePack.asset
  artifactKey: Guid(142a90124f4db154d8b3f2f5d3b9a077) Importer(815301076,1909f56bfc062723c751e8b465ee728b)
Start importing Assets/SimpleNaturePack/Scenes/PostProcessing/PostProcessing Profile_SimpleNaturePack.asset using Guid(142a90124f4db154d8b3f2f5d3b9a077) Importer(815301076,1909f56bfc062723c751e8b465ee728b)  -> (artifact id: 'ad4501a912fa923b8e78ca28b6ae9db0') in 0.014265 seconds 
  Import took 0.017317 seconds .

========================================================================
Received Import Request.
  Time since last request: 0.000298 seconds.
  path: Assets/SimpleNaturePack/Scenes/PostProcessing/Scene Settings Profile_SimpleNaturePack.asset
  artifactKey: Guid(be2f6ba0f396e164fab91dec24babd6f) Importer(815301076,1909f56bfc062723c751e8b465ee728b)
Start importing Assets/SimpleNaturePack/Scenes/PostProcessing/Scene Settings Profile_SimpleNaturePack.asset using Guid(be2f6ba0f396e164fab91dec24babd6f) Importer(815301076,1909f56bfc062723c751e8b465ee728b)  -> (artifact id: '7ebdb92ee3a363bf3748df636957b9d4') in 0.002066 seconds 
  Import took 0.004635 seconds .

========================================================================
Received Import Request.
  Time since last request: 0.000268 seconds.
  path: Assets/SimpleNaturePack/Scenes/PostProcessing/SimpleNaturePack_HDRP.asset
  artifactKey: Guid(7a0eb7cc6dbd92346bb9d7979f2734a2) Importer(815301076,1909f56bfc062723c751e8b465ee728b)
Start importing Assets/SimpleNaturePack/Scenes/PostProcessing/SimpleNaturePack_HDRP.asset using Guid(7a0eb7cc6dbd92346bb9d7979f2734a2) Importer(815301076,1909f56bfc062723c751e8b465ee728b)  -> (artifact id: '8c409f780a64b5a988b7a7e3247eaa33') in 0.002756 seconds 
  Import took 0.006128 seconds .

========================================================================
Received Import Request.
  Time since last request: 3.758162 seconds.
  path: Assets/SimpleNaturePack/Scenes/SimpleNaturePack_Overview.unity
  artifactKey: Guid(b818941d93326b949a3840a1d79ea88f) Importer(815301076,1909f56bfc062723c751e8b465ee728b)
Start importing Assets/SimpleNaturePack/Scenes/SimpleNaturePack_Overview.unity using Guid(b818941d93326b949a3840a1d79ea88f) Importer(815301076,1909f56bfc062723c751e8b465ee728b)  -> (artifact id: '293b160f2cd77085244c57cfa1e9f520') in 0.011346 seconds 
  Import took 0.014585 seconds .

========================================================================
Received Prepare
Registering precompiled user dll's ...
Registered in 0.003310 seconds.
Begin MonoManager ReloadAssembly
Native extension for OSXStandalone target not found
Native extension for WebGL target not found
Refreshing native plugins compatible for Editor in 0.47 ms, found 2 plugins.
Preloading 0 native plugins for Editor in 0.00 ms.
Mono: successfully reloaded assembly
- Completed reload, in  1.284 seconds
Domain Reload Profiling:
	ReloadAssembly (1285ms)
		BeginReloadAssembly (142ms)
			ExecutionOrderSort (0ms)
			DisableScriptedObjects (6ms)
			BackupInstance (0ms)
			ReleaseScriptingObjects (0ms)
			CreateAndSetChildDomain (74ms)
		EndReloadAssembly (1061ms)
			LoadAssemblies (83ms)
			RebuildTransferFunctionScriptingTraits (0ms)
			SetupTypeCache (403ms)
			ReleaseScriptCaches (1ms)
			RebuildScriptCaches (56ms)
			SetupLoadedEditorAssemblies (371ms)
				LogAssemblyErrors (0ms)
				InitializePlatformSupportModulesInManaged (6ms)
				SetLoadedEditorAssemblies (1ms)
				RefreshPlugins (1ms)
				BeforeProcessingInitializeOnLoad (106ms)
				ProcessInitializeOnLoadAttributes (247ms)
				ProcessInitializeOnLoadMethodAttributes (10ms)
				AfterProcessingInitializeOnLoad (2ms)
				EditorAssembliesLoaded (0ms)
			ExecutionOrderSort2 (0ms)
			AwakeInstancesAfterBackupRestoration (9ms)
Platform modules already initialized, skipping
Refreshing native plugins compatible for Editor in 0.47 ms, found 2 plugins.
Preloading 0 native plugins for Editor in 0.00 ms.
Unloading 1494 Unused Serialized files (Serialized files now loaded: 0)
System memory in use before: 193.1 MB.
System memory in use after: 193.2 MB.

Unloading 14 unused Assets to reduce memory usage. Loaded Objects now: 2010.
Total: 3.123740 ms (FindLiveObjects: 0.136181 ms CreateObjectMapping: 0.049746 ms MarkObjects: 2.922814 ms  DeleteObjects: 0.014262 ms)

AssetImportParameters requested are different than current active one (requested -> active):
  custom:video-decoder-ogg-theora: a1e56fd34408186e4bbccfd4996cb3dc -> 
  custom:container-muxer-webm: aa71ff27fc2769a1b78a27578f13a17b -> 
  custom:container-demuxer-webm: 4f35f7cbe854078d1ac9338744f61a02 -> 
  custom:container-demuxer-ogg: 62fdf1f143b41e24485cea50d1cbac27 -> 
  custom:video-encoder-webm-vp8: eb34c28f22e8b96e1ab97ce403110664 -> 
  custom:framework-osx-AVFoundation: b23960f63f64bdc6ff669e2cdcee2391 -> 
  custom:video-decoder-webm-vp8: 9c59270c3fd7afecdb556c50c9e8de78 -> 
  custom:audio-decoder-ogg-vorbis: bf7c407c2cedff20999df2af8eb42d56 -> 
  custom:audio-encoder-webm-vorbis: bf7c407c2cedff20999df2af8eb42d56 -> 
========================================================================
Received Import Request.
  Time since last request: 66.981298 seconds.
  path: Packages/com.unity.ide.rider/package.json
  artifactKey: Guid(66c95bb3c74257f41bae2622511dc02d) Importer(815301076,1909f56bfc062723c751e8b465ee728b)
Start importing Packages/com.unity.ide.rider/package.json using Guid(66c95bb3c74257f41bae2622511dc02d) Importer(815301076,1909f56bfc062723c751e8b465ee728b)  -> (artifact id: 'ff96f7b61e94a0dc9b975679be81ead9') in 0.024565 seconds 
  Import took 0.027992 seconds .

========================================================================
Received Import Request.
  Time since last request: 12.645219 seconds.
  path: Packages/com.unity.ide.visualstudio/package.json
  artifactKey: Guid(656f74f6edaa396458412b9e3903d8cd) Importer(815301076,1909f56bfc062723c751e8b465ee728b)
Start importing Packages/com.unity.ide.visualstudio/package.json using Guid(656f74f6edaa396458412b9e3903d8cd) Importer(815301076,1909f56bfc062723c751e8b465ee728b)  -> (artifact id: '2dbbbecbf6b62e0f0ea428d10de5a339') in 0.012758 seconds 
  Import took 0.015925 seconds .

========================================================================
Received Import Request.
  Time since last request: 3.876243 seconds.
  path: Packages/com.unity.ide.vscode/package.json
  artifactKey: Guid(ffc6271f08270b64ca0aae9c49235d81) Importer(815301076,1909f56bfc062723c751e8b465ee728b)
Start importing Packages/com.unity.ide.vscode/package.json using Guid(ffc6271f08270b64ca0aae9c49235d81) Importer(815301076,1909f56bfc062723c751e8b465ee728b)  -> (artifact id: 'fc2eb58b715695d862cee57d9b6e36af') in 0.012683 seconds 
  Import took 0.016059 seconds .

========================================================================
Received Import Request.
  Time since last request: 13.142844 seconds.
  path: Packages/com.unity.ide.vscode/Editor
  artifactKey: Guid(58628227479c34542ac8c5193ccced84) Importer(815301076,1909f56bfc062723c751e8b465ee728b)
Start importing Packages/com.unity.ide.vscode/Editor using Guid(58628227479c34542ac8c5193ccced84) Importer(815301076,1909f56bfc062723c751e8b465ee728b)  -> (artifact id: '82cea51021df8205a196c318fd8372e8') in 0.011136 seconds 
  Import took 0.014346 seconds .

========================================================================
Received Import Request.
  Time since last request: 0.072036 seconds.
  path: Packages/com.unity.ide.vscode/Editor/Unity.com.unity.vscode.Editor.asmdef
  artifactKey: Guid(8b845b123ab418448a8be2935fa804e0) Importer(815301076,1909f56bfc062723c751e8b465ee728b)
Start importing Packages/com.unity.ide.vscode/Editor/Unity.com.unity.vscode.Editor.asmdef using Guid(8b845b123ab418448a8be2935fa804e0) Importer(815301076,1909f56bfc062723c751e8b465ee728b)  -> (artifact id: '52b6ef3f135b63af18b6fbbe340ded76') in 0.153243 seconds 
  Import took 0.160085 seconds .

========================================================================
Received Import Request.
  Time since last request: 21.717715 seconds.
  path: Packages/com.unity.ide.vscode/Editor/ProjectGeneration
  artifactKey: Guid(c779d3735d950f341ba35154e8b3234b) Importer(815301076,1909f56bfc062723c751e8b465ee728b)
Start importing Packages/com.unity.ide.vscode/Editor/ProjectGeneration using Guid(c779d3735d950f341ba35154e8b3234b) Importer(815301076,1909f56bfc062723c751e8b465ee728b)  -> (artifact id: '353b4c12077709bbb16db647ee46b5bd') in 0.000972 seconds 
  Import took 0.004329 seconds .

========================================================================
Received Import Request.
  Time since last request: 542.336039 seconds.
  path: Packages/com.unity.ide.vscode/Editor/VSCodeDiscovery.cs
  artifactKey: Guid(380f7372e785c7d408552e2c760d269d) Importer(815301076,1909f56bfc062723c751e8b465ee728b)
Start importing Packages/com.unity.ide.vscode/Editor/VSCodeDiscovery.cs using Guid(380f7372e785c7d408552e2c760d269d) Importer(815301076,1909f56bfc062723c751e8b465ee728b)  -> (artifact id: '2da24eb160a379fde90ad3a0210ad0eb') in 0.437199 seconds 
  Import took 0.444896 seconds .

========================================================================
Received Prepare
Registering precompiled user dll's ...
Registered in 0.003238 seconds.
Begin MonoManager ReloadAssembly
Native extension for OSXStandalone target not found
Native extension for WebGL target not found
Refreshing native plugins compatible for Editor in 0.47 ms, found 2 plugins.
Preloading 0 native plugins for Editor in 0.00 ms.
Mono: successfully reloaded assembly
- Completed reload, in  1.300 seconds
Domain Reload Profiling:
	ReloadAssembly (1301ms)
		BeginReloadAssembly (140ms)
			ExecutionOrderSort (0ms)
			DisableScriptedObjects (6ms)
			BackupInstance (0ms)
			ReleaseScriptingObjects (0ms)
			CreateAndSetChildDomain (75ms)
		EndReloadAssembly (1081ms)
			LoadAssemblies (85ms)
			RebuildTransferFunctionScriptingTraits (0ms)
			SetupTypeCache (419ms)
			ReleaseScriptCaches (1ms)
			RebuildScriptCaches (55ms)
			SetupLoadedEditorAssemblies (370ms)
				LogAssemblyErrors (0ms)
				InitializePlatformSupportModulesInManaged (6ms)
				SetLoadedEditorAssemblies (1ms)
				RefreshPlugins (0ms)
				BeforeProcessingInitializeOnLoad (104ms)
				ProcessInitializeOnLoadAttributes (247ms)
				ProcessInitializeOnLoadMethodAttributes (10ms)
				AfterProcessingInitializeOnLoad (1ms)
				EditorAssembliesLoaded (0ms)
			ExecutionOrderSort2 (0ms)
			AwakeInstancesAfterBackupRestoration (8ms)
Platform modules already initialized, skipping
Refreshing native plugins compatible for Editor in 0.49 ms, found 2 plugins.
Preloading 0 native plugins for Editor in 0.00 ms.
Unloading 1494 Unused Serialized files (Serialized files now loaded: 0)
System memory in use before: 201.5 MB.
System memory in use after: 201.6 MB.

Unloading 14 unused Assets to reduce memory usage. Loaded Objects now: 2012.
Total: 3.089200 ms (FindLiveObjects: 0.149980 ms CreateObjectMapping: 0.061694 ms MarkObjects: 2.860330 ms  DeleteObjects: 0.016474 ms)

AssetImportParameters requested are different than current active one (requested -> active):
  custom:video-decoder-ogg-theora: a1e56fd34408186e4bbccfd4996cb3dc -> 
  custom:container-muxer-webm: aa71ff27fc2769a1b78a27578f13a17b -> 
  custom:container-demuxer-webm: 4f35f7cbe854078d1ac9338744f61a02 -> 
  custom:container-demuxer-ogg: 62fdf1f143b41e24485cea50d1cbac27 -> 
  custom:video-encoder-webm-vp8: eb34c28f22e8b96e1ab97ce403110664 -> 
  custom:framework-osx-AVFoundation: b23960f63f64bdc6ff669e2cdcee2391 -> 
  custom:video-decoder-webm-vp8: 9c59270c3fd7afecdb556c50c9e8de78 -> 
  custom:audio-decoder-ogg-vorbis: bf7c407c2cedff20999df2af8eb42d56 -> 
  custom:audio-encoder-webm-vorbis: bf7c407c2cedff20999df2af8eb42d56 -> 
